\BOOKMARK [1][-]{section*.1}{1 Computing Volume}{}% 1
\BOOKMARK [2][-]{section*.2}{1.1 Volume By General Cross Sections}{section*.1}% 2
\BOOKMARK [2][-]{section*.3}{1.2 Exercises: General Slicing}{section*.1}% 3
\BOOKMARK [2][-]{section*.4}{1.3 The Disk and Washer Methods}{section*.1}% 4
\BOOKMARK [2][-]{section*.5}{1.4 Exercises: Disks and Washers}{section*.1}% 5
\BOOKMARK [2][-]{section*.6}{1.5 The Shell Method}{section*.1}% 6
\BOOKMARK [2][-]{section*.7}{1.6 Exercises: Shell Method}{section*.1}% 7
\BOOKMARK [2][-]{section*.8}{1.7 Synthesis: Choose Your Method}{section*.1}% 8
\BOOKMARK [2][-]{section*.9}{1.8 Exercises: Choose Your Method}{section*.1}% 9
\BOOKMARK [1][-]{section*.10}{2 Computing Arc Length and Surface Area}{}% 10
\BOOKMARK [2][-]{section*.11}{2.1 Arc Length}{section*.10}% 11
\BOOKMARK [2][-]{section*.12}{2.2 Exercises: Arc Length}{section*.10}% 12
\BOOKMARK [2][-]{section*.13}{2.3 Surface Area}{section*.10}% 13
\BOOKMARK [2][-]{section*.14}{2.4 Exercises: Surface Area}{section*.10}% 14
\BOOKMARK [1][-]{section*.15}{3 Centers of Mass and Centroids}{}% 15
\BOOKMARK [2][-]{section*.16}{3.1 Centers of Mass and Centroids}{section*.15}% 16
\BOOKMARK [2][-]{section*.17}{3.2 Exercises: Centers of Mass and Centroids}{section*.15}% 17
\BOOKMARK [1][-]{section*.18}{4 Integration Techniques}{}% 18
\BOOKMARK [2][-]{section*.19}{4.1 Substitution and Tables}{section*.18}% 19
\BOOKMARK [2][-]{section*.20}{4.2 Exercises: Substitution and Tables}{section*.18}% 20
\BOOKMARK [2][-]{section*.21}{4.3 Trigonometric Integrals}{section*.18}% 21
\BOOKMARK [2][-]{section*.22}{4.4 Exercises: Trigonometric Integral}{section*.18}% 22
\BOOKMARK [2][-]{section*.23}{4.5 Trigonometric Substitions}{section*.18}% 23
\BOOKMARK [2][-]{section*.24}{4.6 Exercises: Trigonometric Substitions}{section*.18}% 24
\BOOKMARK [2][-]{section*.25}{4.7 Partial Fractions}{section*.18}% 25
\BOOKMARK [2][-]{section*.26}{4.8 Exercises: Partial Fractions}{section*.18}% 26
\BOOKMARK [1][-]{section*.27}{5 Additional Applications}{}% 27
\BOOKMARK [2][-]{section*.28}{5.1 Numerical Integration}{section*.27}% 28
\BOOKMARK [2][-]{section*.29}{5.2 Exercises: Numerical Integration}{section*.27}% 29
\BOOKMARK [2][-]{section*.30}{5.3 Orders of Growth}{section*.27}% 30
\BOOKMARK [2][-]{section*.31}{5.4 Exercises: Orders of Growth}{section*.27}% 31
\BOOKMARK [2][-]{section*.32}{5.5 Improper Integrals}{section*.27}% 32
\BOOKMARK [2][-]{section*.33}{5.6 Exercises: Improper Integrals}{section*.27}% 33
\BOOKMARK [2][-]{section*.34}{5.7 Probability}{section*.27}% 34
\BOOKMARK [2][-]{section*.35}{5.8 Exercises: Probability}{section*.27}% 35
\BOOKMARK [1][-]{section*.36}{6 Sequences and Series}{}% 36
\BOOKMARK [2][-]{section*.37}{6.1 Sequences}{section*.36}% 37
\BOOKMARK [2][-]{section*.38}{6.2 Exercises: Sequences}{section*.36}% 38
\BOOKMARK [2][-]{section*.39}{6.3 Series}{section*.36}% 39
\BOOKMARK [2][-]{section*.40}{6.4 Exercises: Series}{section*.36}% 40
\BOOKMARK [2][-]{section*.41}{6.5 Series Comparison Tests}{section*.36}% 41
\BOOKMARK [2][-]{section*.42}{6.6 Exercises: Series Comparison Tests}{section*.36}% 42
\BOOKMARK [2][-]{section*.43}{6.7 The Ratio and Root Tests}{section*.36}% 43
\BOOKMARK [2][-]{section*.44}{6.8 Exercises: Ratio and Root Tests}{section*.36}% 44
\BOOKMARK [2][-]{section*.45}{6.9 The Integral Test}{section*.36}% 45
\BOOKMARK [2][-]{section*.46}{6.10 Exercises: The Integral Test}{section*.36}% 46
\BOOKMARK [2][-]{section*.47}{6.11 Alternating Series}{section*.36}% 47
\BOOKMARK [2][-]{section*.48}{6.12 Exercises: Alternating Series}{section*.36}% 48
\BOOKMARK [1][-]{section*.49}{7 Power Series}{}% 49
\BOOKMARK [2][-]{section*.50}{7.1 Power Series}{section*.49}% 50
\BOOKMARK [2][-]{section*.51}{7.2 Exercises: Power Series and Convergence}{section*.49}% 51
\BOOKMARK [2][-]{section*.52}{7.3 Power Series Manipulation}{section*.49}% 52
\BOOKMARK [2][-]{section*.53}{7.4 Exercises: Power Series Manipulation}{section*.49}% 53
\BOOKMARK [2][-]{section*.54}{7.5 Taylor Series}{section*.49}% 54
\BOOKMARK [2][-]{section*.55}{7.6 Exercises: Taylor Series}{section*.49}% 55
\BOOKMARK [2][-]{section*.56}{7.7 Taylor Series Applications}{section*.49}% 56
\BOOKMARK [2][-]{section*.57}{7.8 Exercises: Taylor Series Applications}{section*.49}% 57
\BOOKMARK [1][-]{section*.58}{8 Ordinary Differential Equations}{}% 58
\BOOKMARK [2][-]{section*.59}{8.1 ODEs: Foundations}{section*.58}% 59
\BOOKMARK [2][-]{section*.60}{8.2 Exercises: ODEs}{section*.58}% 60
\BOOKMARK [2][-]{section*.61}{8.3 Separable and Linear ODEs}{section*.58}% 61
\BOOKMARK [2][-]{section*.62}{8.4 Exercises: Linear and Separable ODEs}{section*.58}% 62
\BOOKMARK [2][-]{section*.63}{8.5 Applications of ODEs}{section*.58}% 63
\BOOKMARK [2][-]{section*.64}{8.6 Exercises: ODE Applications}{section*.58}% 64
