This is pdfTeX, Version 3.14159265-2.6-1.40.17 (TeX Live 2016) (preloaded format=pdflatex 2016.5.22)  4 DEC 2019 09:38
entering extended mode
 \write18 enabled.
 file:line:error style messages enabled.
 %&-line parsing enabled.
**math104online.tex
(./math104online.tex
LaTeX2e <2016/03/31>
Babel <3.9r> and hyphenation patterns for 83 language(s) loaded.
(/Users/ptgressman/Library/texmf/tex/latex/ximeraLatex/xourse.cls
Document Class: xourse 2018/10/28 v1.00 Combining Ximera activities into Xourse
s
(/Users/ptgressman/Library/texmf/tex/latex/ximeraLatex/ximera.cls
Document Class: ximera 2018/10/28 v1.00 Simultaneously write print and online i
nteractive materials

'::.   .::' ::  :::::     :::::  .:::::::::::::::::::.    ::: 
  '::.::'   :: ::: :::   ::: ::: ::                :::   ::':: 
    :::     :: :::  ::: :::  :::  ::::::::: .::::::::'  ::' ':: 
  .::'::.   :: :::  ::: :::  ::: ::         ::  '::.   ::'   ':: 
.::'   '::. :: :::   ':::'   ::: '::::::::: ::    '::.::'     ':: 

(/usr/local/texlive/2016/texmf-dist/tex/latex/base/article.cls
Document Class: article 2014/09/29 v1.4h Standard LaTeX document class
(/usr/local/texlive/2016/texmf-dist/tex/latex/base/size10.clo
File: size10.clo 2014/09/29 v1.4h Standard LaTeX file (size option)
)
\c@part=\count79
\c@section=\count80
\c@subsection=\count81
\c@subsubsection=\count82
\c@paragraph=\count83
\c@subparagraph=\count84
\c@figure=\count85
\c@table=\count86
\abovecaptionskip=\skip41
\belowcaptionskip=\skip42
\bibindent=\dimen102
)
(/usr/local/texlive/2016/texmf-dist/tex/latex/cancel/cancel.sty
Package: cancel 2013/04/12 v2.2 Cancel math terms
)
(/usr/local/texlive/2016/texmf-dist/tex/latex/enumitem/enumitem.sty
Package: enumitem 2011/09/28 v3.5.2 Customized lists
\enitkv@toks@=\toks14
\labelindent=\skip43
\enit@outerparindent=\dimen103
\enit@toks=\toks15
\enit@inbox=\box26
\enitdp@description=\count87
)
(/usr/local/texlive/2016/texmf-dist/tex/latex/titlesec/titlesec.sty
Package: titlesec 2016/03/21 v2.10.2 Sectioning titles
\ttl@box=\box27
\beforetitleunit=\skip44
\aftertitleunit=\skip45
\ttl@plus=\dimen104
\ttl@minus=\dimen105
\ttl@toksa=\toks16
\titlewidth=\dimen106
\titlewidthlast=\dimen107
\titlewidthfirst=\dimen108

(/usr/local/texlive/2016/texmf-dist/tex/latex/titlesec/ttlps.def
File: ttlps.def 2016/03/15
))
(/usr/local/texlive/2016/texmf-dist/tex/latex/titlesec/titletoc.sty
Package: titletoc 2011/12/15 v1.6 TOC entries
\ttl@leftsep=\dimen109
)
(/usr/local/texlive/2016/texmf-dist/tex/latex/titling/titling.sty
Package: titling 2009/09/04 v2.1d maketitle typesetting
\thanksmarkwidth=\skip46
\thanksmargin=\skip47
\droptitle=\skip48
)
(/usr/local/texlive/2016/texmf-dist/tex/latex/url/url.sty
\Urlmuskip=\muskip10
Package: url 2013/09/16  ver 3.4  Verb mode for urls, etc.
)
(/usr/local/texlive/2016/texmf-dist/tex/latex/xcolor/xcolor.sty
Package: xcolor 2016/05/11 v2.12 LaTeX color extensions (UK)

(/usr/local/texlive/2016/texmf-dist/tex/latex/graphics-cfg/color.cfg
File: color.cfg 2016/01/02 v1.6 sample color configuration
)
Package xcolor Info: Driver file: pdftex.def on input line 225.

(/usr/local/texlive/2016/texmf-dist/tex/latex/pdftex-def/pdftex.def
File: pdftex.def 2011/05/27 v0.06d Graphics/color for pdfTeX

(/usr/local/texlive/2016/texmf-dist/tex/generic/oberdiek/infwarerr.sty
Package: infwarerr 2016/05/16 v1.4 Providing info/warning/error messages (HO)
)
(/usr/local/texlive/2016/texmf-dist/tex/generic/oberdiek/ltxcmds.sty
Package: ltxcmds 2016/05/16 v1.23 LaTeX kernel commands for general use (HO)
)
\Gread@gobject=\count88
)
(/usr/local/texlive/2016/texmf-dist/tex/latex/colortbl/colortbl.sty
Package: colortbl 2012/02/13 v1.0a Color table columns (DPC)

(/usr/local/texlive/2016/texmf-dist/tex/latex/tools/array.sty
Package: array 2014/10/28 v2.4c Tabular extension package (FMi)
\col@sep=\dimen110
\extrarowheight=\dimen111
\NC@list=\toks17
\extratabsurround=\skip49
\backup@length=\skip50
)
\everycr=\toks18
\minrowclearance=\skip51
)
\rownum=\count89
Package xcolor Info: Model `cmy' substituted by `cmy0' on input line 1348.
Package xcolor Info: Model `hsb' substituted by `rgb' on input line 1352.
Package xcolor Info: Model `RGB' extended on input line 1364.
Package xcolor Info: Model `HTML' substituted by `rgb' on input line 1366.
Package xcolor Info: Model `Hsb' substituted by `hsb' on input line 1367.
Package xcolor Info: Model `tHsb' substituted by `hsb' on input line 1368.
Package xcolor Info: Model `HSB' substituted by `hsb' on input line 1369.
Package xcolor Info: Model `Gray' substituted by `gray' on input line 1370.
Package xcolor Info: Model `wave' substituted by `hsb' on input line 1371.
)
(/usr/local/texlive/2016/texmf-dist/tex/latex/pgf/frontendlayer/tikz.sty
(/usr/local/texlive/2016/texmf-dist/tex/latex/pgf/basiclayer/pgf.sty
(/usr/local/texlive/2016/texmf-dist/tex/latex/pgf/utilities/pgfrcs.sty
(/usr/local/texlive/2016/texmf-dist/tex/generic/pgf/utilities/pgfutil-common.te
x
\pgfutil@everybye=\toks19
\pgfutil@tempdima=\dimen112
\pgfutil@tempdimb=\dimen113

(/usr/local/texlive/2016/texmf-dist/tex/generic/pgf/utilities/pgfutil-common-li
sts.tex))
(/usr/local/texlive/2016/texmf-dist/tex/generic/pgf/utilities/pgfutil-latex.def
\pgfutil@abb=\box28
(/usr/local/texlive/2016/texmf-dist/tex/latex/ms/everyshi.sty
Package: everyshi 2001/05/15 v3.00 EveryShipout Package (MS)
))
(/usr/local/texlive/2016/texmf-dist/tex/generic/pgf/utilities/pgfrcs.code.tex
Package: pgfrcs 2015/08/07 v3.0.1a (rcs-revision 1.31)
))
Package: pgf 2015/08/07 v3.0.1a (rcs-revision 1.15)
(/usr/local/texlive/2016/texmf-dist/tex/latex/pgf/basiclayer/pgfcore.sty
(/usr/local/texlive/2016/texmf-dist/tex/latex/graphics/graphicx.sty
Package: graphicx 2014/10/28 v1.0g Enhanced LaTeX Graphics (DPC,SPQR)

(/usr/local/texlive/2016/texmf-dist/tex/latex/graphics/keyval.sty
Package: keyval 2014/10/28 v1.15 key=value parser (DPC)
\KV@toks@=\toks20
)
(/usr/local/texlive/2016/texmf-dist/tex/latex/graphics/graphics.sty
Package: graphics 2016/05/09 v1.0r Standard LaTeX Graphics (DPC,SPQR)

(/usr/local/texlive/2016/texmf-dist/tex/latex/graphics/trig.sty
Package: trig 2016/01/03 v1.10 sin cos tan (DPC)
)
(/usr/local/texlive/2016/texmf-dist/tex/latex/graphics-cfg/graphics.cfg
File: graphics.cfg 2016/01/02 v1.10 sample graphics configuration
)
Package graphics Info: Driver file: pdftex.def on input line 96.
)
\Gin@req@height=\dimen114
\Gin@req@width=\dimen115
)
(/usr/local/texlive/2016/texmf-dist/tex/latex/pgf/systemlayer/pgfsys.sty
(/usr/local/texlive/2016/texmf-dist/tex/generic/pgf/systemlayer/pgfsys.code.tex
Package: pgfsys 2014/07/09 v3.0.1a (rcs-revision 1.48)
(/usr/local/texlive/2016/texmf-dist/tex/generic/pgf/utilities/pgfkeys.code.tex
\pgfkeys@pathtoks=\toks21
\pgfkeys@temptoks=\toks22

(/usr/local/texlive/2016/texmf-dist/tex/generic/pgf/utilities/pgfkeysfiltered.c
ode.tex
\pgfkeys@tmptoks=\toks23
))
\pgf@x=\dimen116
\pgf@y=\dimen117
\pgf@xa=\dimen118
\pgf@ya=\dimen119
\pgf@xb=\dimen120
\pgf@yb=\dimen121
\pgf@xc=\dimen122
\pgf@yc=\dimen123
\w@pgf@writea=\write3
\r@pgf@reada=\read1
\c@pgf@counta=\count90
\c@pgf@countb=\count91
\c@pgf@countc=\count92
\c@pgf@countd=\count93
\t@pgf@toka=\toks24
\t@pgf@tokb=\toks25
\t@pgf@tokc=\toks26

(/usr/local/texlive/2016/texmf-dist/tex/generic/pgf/systemlayer/pgf.cfg
File: pgf.cfg 2008/05/14  (rcs-revision 1.7)
)
Driver file for pgf: pgfsys-pdftex.def

(/usr/local/texlive/2016/texmf-dist/tex/generic/pgf/systemlayer/pgfsys-pdftex.d
ef
File: pgfsys-pdftex.def 2014/10/11  (rcs-revision 1.35)

(/usr/local/texlive/2016/texmf-dist/tex/generic/pgf/systemlayer/pgfsys-common-p
df.def
File: pgfsys-common-pdf.def 2013/10/10  (rcs-revision 1.13)
)))
(/usr/local/texlive/2016/texmf-dist/tex/generic/pgf/systemlayer/pgfsyssoftpath.
code.tex
File: pgfsyssoftpath.code.tex 2013/09/09  (rcs-revision 1.9)
\pgfsyssoftpath@smallbuffer@items=\count94
\pgfsyssoftpath@bigbuffer@items=\count95
)
(/usr/local/texlive/2016/texmf-dist/tex/generic/pgf/systemlayer/pgfsysprotocol.
code.tex
File: pgfsysprotocol.code.tex 2006/10/16  (rcs-revision 1.4)
))
(/usr/local/texlive/2016/texmf-dist/tex/generic/pgf/basiclayer/pgfcore.code.tex
Package: pgfcore 2010/04/11 v3.0.1a (rcs-revision 1.7)
(/usr/local/texlive/2016/texmf-dist/tex/generic/pgf/math/pgfmath.code.tex
(/usr/local/texlive/2016/texmf-dist/tex/generic/pgf/math/pgfmathcalc.code.tex
(/usr/local/texlive/2016/texmf-dist/tex/generic/pgf/math/pgfmathutil.code.tex)
(/usr/local/texlive/2016/texmf-dist/tex/generic/pgf/math/pgfmathparser.code.tex
\pgfmath@dimen=\dimen124
\pgfmath@count=\count96
\pgfmath@box=\box29
\pgfmath@toks=\toks27
\pgfmath@stack@operand=\toks28
\pgfmath@stack@operation=\toks29
)
(/usr/local/texlive/2016/texmf-dist/tex/generic/pgf/math/pgfmathfunctions.code.
tex
(/usr/local/texlive/2016/texmf-dist/tex/generic/pgf/math/pgfmathfunctions.basic
.code.tex)
(/usr/local/texlive/2016/texmf-dist/tex/generic/pgf/math/pgfmathfunctions.trigo
nometric.code.tex)
(/usr/local/texlive/2016/texmf-dist/tex/generic/pgf/math/pgfmathfunctions.rando
m.code.tex)
(/usr/local/texlive/2016/texmf-dist/tex/generic/pgf/math/pgfmathfunctions.compa
rison.code.tex)
(/usr/local/texlive/2016/texmf-dist/tex/generic/pgf/math/pgfmathfunctions.base.
code.tex)
(/usr/local/texlive/2016/texmf-dist/tex/generic/pgf/math/pgfmathfunctions.round
.code.tex)
(/usr/local/texlive/2016/texmf-dist/tex/generic/pgf/math/pgfmathfunctions.misc.
code.tex)
(/usr/local/texlive/2016/texmf-dist/tex/generic/pgf/math/pgfmathfunctions.integ
erarithmetics.code.tex)))
(/usr/local/texlive/2016/texmf-dist/tex/generic/pgf/math/pgfmathfloat.code.tex
\c@pgfmathroundto@lastzeros=\count97
))
(/usr/local/texlive/2016/texmf-dist/tex/generic/pgf/basiclayer/pgfcorepoints.co
de.tex
File: pgfcorepoints.code.tex 2013/10/07  (rcs-revision 1.27)
\pgf@picminx=\dimen125
\pgf@picmaxx=\dimen126
\pgf@picminy=\dimen127
\pgf@picmaxy=\dimen128
\pgf@pathminx=\dimen129
\pgf@pathmaxx=\dimen130
\pgf@pathminy=\dimen131
\pgf@pathmaxy=\dimen132
\pgf@xx=\dimen133
\pgf@xy=\dimen134
\pgf@yx=\dimen135
\pgf@yy=\dimen136
\pgf@zx=\dimen137
\pgf@zy=\dimen138
)
(/usr/local/texlive/2016/texmf-dist/tex/generic/pgf/basiclayer/pgfcorepathconst
ruct.code.tex
File: pgfcorepathconstruct.code.tex 2013/10/07  (rcs-revision 1.29)
\pgf@path@lastx=\dimen139
\pgf@path@lasty=\dimen140
)
(/usr/local/texlive/2016/texmf-dist/tex/generic/pgf/basiclayer/pgfcorepathusage
.code.tex
File: pgfcorepathusage.code.tex 2014/11/02  (rcs-revision 1.24)
\pgf@shorten@end@additional=\dimen141
\pgf@shorten@start@additional=\dimen142
)
(/usr/local/texlive/2016/texmf-dist/tex/generic/pgf/basiclayer/pgfcorescopes.co
de.tex
File: pgfcorescopes.code.tex 2015/05/08  (rcs-revision 1.46)
\pgfpic=\box30
\pgf@hbox=\box31
\pgf@layerbox@main=\box32
\pgf@picture@serial@count=\count98
)
(/usr/local/texlive/2016/texmf-dist/tex/generic/pgf/basiclayer/pgfcoregraphicst
ate.code.tex
File: pgfcoregraphicstate.code.tex 2014/11/02  (rcs-revision 1.12)
\pgflinewidth=\dimen143
)
(/usr/local/texlive/2016/texmf-dist/tex/generic/pgf/basiclayer/pgfcoretransform
ations.code.tex
File: pgfcoretransformations.code.tex 2015/08/07  (rcs-revision 1.20)
\pgf@pt@x=\dimen144
\pgf@pt@y=\dimen145
\pgf@pt@temp=\dimen146
)
(/usr/local/texlive/2016/texmf-dist/tex/generic/pgf/basiclayer/pgfcorequick.cod
e.tex
File: pgfcorequick.code.tex 2008/10/09  (rcs-revision 1.3)
)
(/usr/local/texlive/2016/texmf-dist/tex/generic/pgf/basiclayer/pgfcoreobjects.c
ode.tex
File: pgfcoreobjects.code.tex 2006/10/11  (rcs-revision 1.2)
)
(/usr/local/texlive/2016/texmf-dist/tex/generic/pgf/basiclayer/pgfcorepathproce
ssing.code.tex
File: pgfcorepathprocessing.code.tex 2013/09/09  (rcs-revision 1.9)
)
(/usr/local/texlive/2016/texmf-dist/tex/generic/pgf/basiclayer/pgfcorearrows.co
de.tex
File: pgfcorearrows.code.tex 2015/05/14  (rcs-revision 1.43)
\pgfarrowsep=\dimen147
)
(/usr/local/texlive/2016/texmf-dist/tex/generic/pgf/basiclayer/pgfcoreshade.cod
e.tex
File: pgfcoreshade.code.tex 2013/07/15  (rcs-revision 1.15)
\pgf@max=\dimen148
\pgf@sys@shading@range@num=\count99
)
(/usr/local/texlive/2016/texmf-dist/tex/generic/pgf/basiclayer/pgfcoreimage.cod
e.tex
File: pgfcoreimage.code.tex 2013/07/15  (rcs-revision 1.18)

(/usr/local/texlive/2016/texmf-dist/tex/generic/pgf/basiclayer/pgfcoreexternal.
code.tex
File: pgfcoreexternal.code.tex 2014/07/09  (rcs-revision 1.21)
\pgfexternal@startupbox=\box33
))
(/usr/local/texlive/2016/texmf-dist/tex/generic/pgf/basiclayer/pgfcorelayers.co
de.tex
File: pgfcorelayers.code.tex 2013/07/18  (rcs-revision 1.7)
)
(/usr/local/texlive/2016/texmf-dist/tex/generic/pgf/basiclayer/pgfcoretranspare
ncy.code.tex
File: pgfcoretransparency.code.tex 2013/09/30  (rcs-revision 1.5)
)
(/usr/local/texlive/2016/texmf-dist/tex/generic/pgf/basiclayer/pgfcorepatterns.
code.tex
File: pgfcorepatterns.code.tex 2013/11/07  (rcs-revision 1.5)
)))
(/usr/local/texlive/2016/texmf-dist/tex/generic/pgf/modules/pgfmoduleshapes.cod
e.tex
File: pgfmoduleshapes.code.tex 2014/03/21  (rcs-revision 1.35)
\pgfnodeparttextbox=\box34
)
(/usr/local/texlive/2016/texmf-dist/tex/generic/pgf/modules/pgfmoduleplot.code.
tex
File: pgfmoduleplot.code.tex 2015/08/03  (rcs-revision 1.13)
)
(/usr/local/texlive/2016/texmf-dist/tex/latex/pgf/compatibility/pgfcomp-version
-0-65.sty
Package: pgfcomp-version-0-65 2007/07/03 v3.0.1a (rcs-revision 1.7)
\pgf@nodesepstart=\dimen149
\pgf@nodesepend=\dimen150
)
(/usr/local/texlive/2016/texmf-dist/tex/latex/pgf/compatibility/pgfcomp-version
-1-18.sty
Package: pgfcomp-version-1-18 2007/07/23 v3.0.1a (rcs-revision 1.1)
))
(/usr/local/texlive/2016/texmf-dist/tex/latex/pgf/utilities/pgffor.sty
(/usr/local/texlive/2016/texmf-dist/tex/latex/pgf/utilities/pgfkeys.sty
(/usr/local/texlive/2016/texmf-dist/tex/generic/pgf/utilities/pgfkeys.code.tex)
) (/usr/local/texlive/2016/texmf-dist/tex/latex/pgf/math/pgfmath.sty
(/usr/local/texlive/2016/texmf-dist/tex/generic/pgf/math/pgfmath.code.tex))
(/usr/local/texlive/2016/texmf-dist/tex/generic/pgf/utilities/pgffor.code.tex
Package: pgffor 2013/12/13 v3.0.1a (rcs-revision 1.25)

(/usr/local/texlive/2016/texmf-dist/tex/generic/pgf/math/pgfmath.code.tex)
\pgffor@iter=\dimen151
\pgffor@skip=\dimen152
\pgffor@stack=\toks30
\pgffor@toks=\toks31
))
(/usr/local/texlive/2016/texmf-dist/tex/generic/pgf/frontendlayer/tikz/tikz.cod
e.tex
Package: tikz 2015/08/07 v3.0.1a (rcs-revision 1.151)

(/usr/local/texlive/2016/texmf-dist/tex/generic/pgf/libraries/pgflibraryplothan
dlers.code.tex
File: pgflibraryplothandlers.code.tex 2013/08/31 v3.0.1a (rcs-revision 1.20)
\pgf@plot@mark@count=\count100
\pgfplotmarksize=\dimen153
)
\tikz@lastx=\dimen154
\tikz@lasty=\dimen155
\tikz@lastxsaved=\dimen156
\tikz@lastysaved=\dimen157
\tikzleveldistance=\dimen158
\tikzsiblingdistance=\dimen159
\tikz@figbox=\box35
\tikz@figbox@bg=\box36
\tikz@tempbox=\box37
\tikz@tempbox@bg=\box38
\tikztreelevel=\count101
\tikznumberofchildren=\count102
\tikznumberofcurrentchild=\count103
\tikz@fig@count=\count104

(/usr/local/texlive/2016/texmf-dist/tex/generic/pgf/modules/pgfmodulematrix.cod
e.tex
File: pgfmodulematrix.code.tex 2013/09/17  (rcs-revision 1.8)
\pgfmatrixcurrentrow=\count105
\pgfmatrixcurrentcolumn=\count106
\pgf@matrix@numberofcolumns=\count107
)
\tikz@expandcount=\count108

(/usr/local/texlive/2016/texmf-dist/tex/generic/pgf/frontendlayer/tikz/librarie
s/tikzlibrarytopaths.code.tex
File: tikzlibrarytopaths.code.tex 2008/06/17 v3.0.1a (rcs-revision 1.2)
)))
(/usr/local/texlive/2016/texmf-dist/tex/latex/pgfplots/pgfplots.sty
(/usr/local/texlive/2016/texmf-dist/tex/generic/pgfplots/pgfplots.revision.tex)
Package: pgfplots 2016/01/06 v1.13 Data Visualization (1.13)
(/usr/local/texlive/2016/texmf-dist/tex/generic/pgfplots/pgfplots.code.tex
(/usr/local/texlive/2016/texmf-dist/tex/generic/pgfplots/pgfplotscore.code.tex
\t@pgfplots@toka=\toks32
\t@pgfplots@tokb=\toks33
\t@pgfplots@tokc=\toks34
\pgfplots@tmpa=\dimen160
\c@pgfplots@coordindex=\count109
\c@pgfplots@scanlineindex=\count110

(/usr/local/texlive/2016/texmf-dist/tex/generic/pgfplots/sys/pgfplotssysgeneric
.code.tex))
(/usr/local/texlive/2016/texmf-dist/tex/generic/pgfplots/libs/pgfplotslibrary.c
ode.tex)
(/usr/local/texlive/2016/texmf-dist/tex/generic/pgfplots/oldpgfcompatib/pgfplot
soldpgfsupp_loader.code.tex
(/usr/local/texlive/2016/texmf-dist/tex/generic/pgf/libraries/pgflibraryfpu.cod
e.tex)
Package pgfplots: loading complementary arithmetics for your pgf version...

(/usr/local/texlive/2016/texmf-dist/tex/generic/pgfplots/oldpgfcompatib/pgfplot
soldpgfsupp_pgflibraryfpu.code.tex)
(/usr/local/texlive/2016/texmf-dist/tex/generic/pgfplots/oldpgfcompatib/pgfplot
soldpgfsupp_pgfmathfloat.code.tex
\c@pgfmathroundto@lastzeros=\count111
))
(/usr/local/texlive/2016/texmf-dist/tex/generic/pgfplots/util/pgfplotsutil.code
.tex
(/usr/local/texlive/2016/texmf-dist/tex/generic/pgfplots/liststructure/pgfplots
liststructure.code.tex)
(/usr/local/texlive/2016/texmf-dist/tex/generic/pgfplots/liststructure/pgfplots
liststructureext.code.tex)
(/usr/local/texlive/2016/texmf-dist/tex/generic/pgfplots/liststructure/pgfplots
array.code.tex
\c@pgfplotsarray@tmp=\count112
)
(/usr/local/texlive/2016/texmf-dist/tex/generic/pgfplots/liststructure/pgfplots
matrix.code.tex)
(/usr/local/texlive/2016/texmf-dist/tex/generic/pgfplots/numtable/pgfplotstable
shared.code.tex
\c@pgfplotstable@counta=\count113
\t@pgfplotstable@a=\toks35
)
(/usr/local/texlive/2016/texmf-dist/tex/generic/pgfplots/liststructure/pgfplots
deque.code.tex)
(/usr/local/texlive/2016/texmf-dist/tex/generic/pgfplots/util/pgfplotsbinary.co
de.tex
(/usr/local/texlive/2016/texmf-dist/tex/generic/pgfplots/util/pgfplotsbinary.da
ta.code.tex))
(/usr/local/texlive/2016/texmf-dist/tex/generic/pgfplots/util/pgfplotsutil.verb
.code.tex)
(/usr/local/texlive/2016/texmf-dist/tex/generic/pgfplots/libs/pgflibrarypgfplot
s.surfshading.code.tex
\c@pgfplotslibrarysurf@no=\count114

(/usr/local/texlive/2016/texmf-dist/tex/generic/pgfplots/sys/pgflibrarypgfplots
.surfshading.pgfsys-pdftex.def)))
(/usr/local/texlive/2016/texmf-dist/tex/generic/pgfplots/util/pgfplotscolormap.
code.tex
(/usr/local/texlive/2016/texmf-dist/tex/generic/pgfplots/util/pgfplotscolor.cod
e.tex))
(/usr/local/texlive/2016/texmf-dist/tex/generic/pgfplots/pgfplotsstackedplots.c
ode.tex)
(/usr/local/texlive/2016/texmf-dist/tex/generic/pgfplots/pgfplotsplothandlers.c
ode.tex
(/usr/local/texlive/2016/texmf-dist/tex/generic/pgfplots/pgfplotsmeshplothandle
r.code.tex
(/usr/local/texlive/2016/texmf-dist/tex/generic/pgfplots/pgfplotsmeshplotimage.
code.tex)))
(/usr/local/texlive/2016/texmf-dist/tex/generic/pgfplots/pgfplots.scaling.code.
tex)
(/usr/local/texlive/2016/texmf-dist/tex/generic/pgfplots/pgfplotscoordprocessin
g.code.tex)
(/usr/local/texlive/2016/texmf-dist/tex/generic/pgfplots/pgfplots.errorbars.cod
e.tex)
(/usr/local/texlive/2016/texmf-dist/tex/generic/pgfplots/pgfplots.markers.code.
tex)
(/usr/local/texlive/2016/texmf-dist/tex/generic/pgfplots/pgfplotsticks.code.tex
)
(/usr/local/texlive/2016/texmf-dist/tex/generic/pgfplots/pgfplots.paths.code.te
x)
(/usr/local/texlive/2016/texmf-dist/tex/generic/pgf/frontendlayer/tikz/librarie
s/tikzlibrarydecorations.code.tex
(/usr/local/texlive/2016/texmf-dist/tex/generic/pgf/modules/pgfmoduledecoration
s.code.tex
\pgfdecoratedcompleteddistance=\dimen161
\pgfdecoratedremainingdistance=\dimen162
\pgfdecoratedinputsegmentcompleteddistance=\dimen163
\pgfdecoratedinputsegmentremainingdistance=\dimen164
\pgf@decorate@distancetomove=\dimen165
\pgf@decorate@repeatstate=\count115
\pgfdecorationsegmentamplitude=\dimen166
\pgfdecorationsegmentlength=\dimen167
)
\tikz@lib@dec@box=\box39
)
(/usr/local/texlive/2016/texmf-dist/tex/generic/pgf/frontendlayer/tikz/librarie
s/tikzlibrarydecorations.pathmorphing.code.tex
(/usr/local/texlive/2016/texmf-dist/tex/generic/pgf/libraries/decorations/pgfli
brarydecorations.pathmorphing.code.tex))
(/usr/local/texlive/2016/texmf-dist/tex/generic/pgf/frontendlayer/tikz/librarie
s/tikzlibrarydecorations.pathreplacing.code.tex
(/usr/local/texlive/2016/texmf-dist/tex/generic/pgf/libraries/decorations/pgfli
brarydecorations.pathreplacing.code.tex))
\pgfplots@numplots=\count116
\pgfplots@xmin@reg=\dimen168
\pgfplots@xmax@reg=\dimen169
\pgfplots@ymin@reg=\dimen170
\pgfplots@ymax@reg=\dimen171
\pgfplots@zmin@reg=\dimen172
\pgfplots@zmax@reg=\dimen173
)
(/usr/local/texlive/2016/texmf-dist/tex/generic/pgf/frontendlayer/tikz/librarie
s/tikzlibraryplotmarks.code.tex
File: tikzlibraryplotmarks.code.tex 2008/01/09 v3.0.1a (rcs-revision 1.1)

(/usr/local/texlive/2016/texmf-dist/tex/generic/pgf/libraries/pgflibraryplotmar
ks.code.tex
File: pgflibraryplotmarks.code.tex 2015/08/03 v3.0.1a (rcs-revision 1.14)
)))
(/usr/local/texlive/2016/texmf-dist/tex/generic/pgfplots/libs/tikzlibrarypgfplo
ts.groupplots.code.tex
\pgfplots@group@current@plot=\count117
\pgfplots@group@current@row=\count118
\pgfplots@group@current@column=\count119

(/usr/local/texlive/2016/texmf-dist/tex/generic/pgf/frontendlayer/tikz/librarie
s/tikzlibrarycalc.code.tex
File: tikzlibrarycalc.code.tex 2013/07/15 v3.0.1a (rcs-revision 1.9)
))
(/usr/local/texlive/2016/texmf-dist/tex/latex/fancyvrb/fancyvrb.sty
Package: fancyvrb 2008/02/07

Style option: `fancyvrb' v2.7a, with DG/SPQR fixes, and firstline=lastline fix 
<2008/02/07> (tvz)
\FV@CodeLineNo=\count120
\FV@InFile=\read2
\FV@TabBox=\box40
\c@FancyVerbLine=\count121
\FV@StepNumber=\count122
\FV@OutFile=\write4
)
(/usr/local/texlive/2016/texmf-dist/tex/latex/forloop/forloop.sty
Package: forloop 2006/09/18 v3.0 For Loops for LaTeX

(/usr/local/texlive/2016/texmf-dist/tex/latex/base/ifthen.sty
Package: ifthen 2014/09/29 v1.1c Standard LaTeX ifthen package (DPC)
))
(/usr/local/texlive/2016/texmf-dist/tex/latex/environ/environ.sty
Package: environ 2014/05/04 v0.3 A new way to define environments

(/usr/local/texlive/2016/texmf-dist/tex/latex/trimspaces/trimspaces.sty
Package: trimspaces 2009/09/17 v1.1 Trim spaces around a token list
)
\@envbody=\toks36
)
(/usr/local/texlive/2016/texmf-dist/tex/latex/amsfonts/amssymb.sty
Package: amssymb 2013/01/14 v3.01 AMS font symbols

(/usr/local/texlive/2016/texmf-dist/tex/latex/amsfonts/amsfonts.sty
Package: amsfonts 2013/01/14 v3.01 Basic AMSFonts support
\@emptytoks=\toks37
\symAMSa=\mathgroup4
\symAMSb=\mathgroup5
LaTeX Font Info:    Overwriting math alphabet `\mathfrak' in version `bold'
(Font)                  U/euf/m/n --> U/euf/b/n on input line 106.
))
(/usr/local/texlive/2016/texmf-dist/tex/latex/amsmath/amsmath.sty
Package: amsmath 2016/03/10 v2.15b AMS math features
\@mathmargin=\skip52

For additional information on amsmath, use the `?' option.
(/usr/local/texlive/2016/texmf-dist/tex/latex/amsmath/amstext.sty
Package: amstext 2000/06/29 v2.01 AMS text

(/usr/local/texlive/2016/texmf-dist/tex/latex/amsmath/amsgen.sty
File: amsgen.sty 1999/11/30 v2.0 generic functions
\@emptytoks=\toks38
\ex@=\dimen174
))
(/usr/local/texlive/2016/texmf-dist/tex/latex/amsmath/amsbsy.sty
Package: amsbsy 1999/11/29 v1.2d Bold Symbols
\pmbraise@=\dimen175
)
(/usr/local/texlive/2016/texmf-dist/tex/latex/amsmath/amsopn.sty
Package: amsopn 2016/03/08 v2.02 operator names
)
\inf@bad=\count123
LaTeX Info: Redefining \frac on input line 199.
\uproot@=\count124
\leftroot@=\count125
LaTeX Info: Redefining \overline on input line 297.
\classnum@=\count126
\DOTSCASE@=\count127
LaTeX Info: Redefining \ldots on input line 394.
LaTeX Info: Redefining \dots on input line 397.
LaTeX Info: Redefining \cdots on input line 518.
\Mathstrutbox@=\box41
\strutbox@=\box42
\big@size=\dimen176
LaTeX Font Info:    Redeclaring font encoding OML on input line 634.
LaTeX Font Info:    Redeclaring font encoding OMS on input line 635.
\macc@depth=\count128
\c@MaxMatrixCols=\count129
\dotsspace@=\muskip11
\c@parentequation=\count130
\dspbrk@lvl=\count131
\tag@help=\toks39
\row@=\count132
\column@=\count133
\maxfields@=\count134
\andhelp@=\toks40
\eqnshift@=\dimen177
\alignsep@=\dimen178
\tagshift@=\dimen179
\tagwidth@=\dimen180
\totwidth@=\dimen181
\lineht@=\dimen182
\@envbody=\toks41
\multlinegap=\skip53
\multlinetaggap=\skip54
\mathdisplay@stack=\toks42
LaTeX Info: Redefining \[ on input line 2739.
LaTeX Info: Redefining \] on input line 2740.
)
(/usr/local/texlive/2016/texmf-dist/tex/latex/amscls/amsthm.sty
Package: amsthm 2015/03/04 v2.20.2
\thm@style=\toks43
\thm@bodyfont=\toks44
\thm@headfont=\toks45
\thm@notefont=\toks46
\thm@headpunct=\toks47
\thm@preskip=\skip55
\thm@postskip=\skip56
\thm@headsep=\skip57
\dth@everypar=\toks48
)
(/usr/local/texlive/2016/texmf-dist/tex/latex/xifthen/xifthen.sty
Package: xifthen 2015/11/05 v1.4.0 Extended ifthen features

(/usr/local/texlive/2016/texmf-dist/tex/latex/tools/calc.sty
Package: calc 2014/10/28 v4.3 Infix arithmetic (KKT,FJ)
\calc@Acount=\count135
\calc@Bcount=\count136
\calc@Adimen=\dimen183
\calc@Bdimen=\dimen184
\calc@Askip=\skip58
\calc@Bskip=\skip59
LaTeX Info: Redefining \setlength on input line 80.
LaTeX Info: Redefining \addtolength on input line 81.
\calc@Ccount=\count137
\calc@Cskip=\skip60
)
(/usr/local/texlive/2016/texmf-dist/tex/latex/ifmtarg/ifmtarg.sty
Package: ifmtarg 2009/09/02 v1.2a check for an empty argument
))
(/usr/local/texlive/2016/texmf-dist/tex/latex/multido/multido.sty
Package: multido 2004/05/17 package wrapper for PSTricks `multido.tex', (HV/RN)


(/usr/local/texlive/2016/texmf-dist/tex/generic/multido/multido.tex
 v1.42, 2010/05/14 <tvz>
\multido@count=\count138
\multidocount=\count139
\multido@stuff=\toks49
)
File: multido.tex 2010/05/14 v1.42 `multido' (tvz,hv)
)
(/usr/local/texlive/2016/texmf-dist/tex/latex/listings/listings.sty
\lst@mode=\count140
\lst@gtempboxa=\box43
\lst@token=\toks50
\lst@length=\count141
\lst@currlwidth=\dimen185
\lst@column=\count142
\lst@pos=\count143
\lst@lostspace=\dimen186
\lst@width=\dimen187
\lst@newlines=\count144
\lst@lineno=\count145
\lst@maxwidth=\dimen188

(/usr/local/texlive/2016/texmf-dist/tex/latex/listings/lstmisc.sty
File: lstmisc.sty 2015/06/04 1.6 (Carsten Heinz)
\c@lstnumber=\count146
\lst@skipnumbers=\count147
\lst@framebox=\box44
)
(/usr/local/texlive/2016/texmf-dist/tex/latex/listings/listings.cfg
File: listings.cfg 2015/06/04 1.6 listings configuration
))
Package: listings 2015/06/04 1.6 (Carsten Heinz)

(/usr/local/texlive/2016/texmf-dist/tex/latex/xkeyval/xkeyval.sty
Package: xkeyval 2014/12/03 v2.7a package option processing (HA)

(/usr/local/texlive/2016/texmf-dist/tex/generic/xkeyval/xkeyval.tex
(/usr/local/texlive/2016/texmf-dist/tex/generic/xkeyval/xkvutils.tex
\XKV@toks=\toks51
\XKV@tempa@toks=\toks52
)
\XKV@depth=\count148
File: xkeyval.tex 2014/12/03 v2.7a key=value parser (HA)
))
(/usr/local/texlive/2016/texmf-dist/tex/latex/comment/comment.sty
\CommentStream=\write5

Excluding comment 'comment')
(/usr/local/texlive/2016/texmf-dist/tex/generic/oberdiek/gettitlestring.sty
Package: gettitlestring 2016/05/16 v1.5 Cleanup title references (HO)

(/usr/local/texlive/2016/texmf-dist/tex/latex/oberdiek/kvoptions.sty
Package: kvoptions 2016/05/16 v3.12 Key value format for package options (HO)

(/usr/local/texlive/2016/texmf-dist/tex/generic/oberdiek/kvsetkeys.sty
Package: kvsetkeys 2016/05/16 v1.17 Key value parser (HO)

(/usr/local/texlive/2016/texmf-dist/tex/generic/oberdiek/etexcmds.sty
Package: etexcmds 2016/05/16 v1.6 Avoid name clashes with e-TeX commands (HO)

(/usr/local/texlive/2016/texmf-dist/tex/generic/oberdiek/ifluatex.sty
Package: ifluatex 2016/05/16 v1.4 Provides the ifluatex switch (HO)
Package ifluatex Info: LuaTeX not detected.
)
Package etexcmds Info: Could not find \expanded.
(etexcmds)             That can mean that you are not using pdfTeX 1.50 or
(etexcmds)             that some package has redefined \expanded.
(etexcmds)             In the latter case, load this package earlier.
))))
(/usr/local/texlive/2016/texmf-dist/tex/latex/hyperref/nameref.sty
Package: nameref 2012/10/27 v2.43 Cross-referencing by name of section

(/usr/local/texlive/2016/texmf-dist/tex/latex/oberdiek/refcount.sty
Package: refcount 2016/05/16 v3.5 Data extraction from label references (HO)
)
\c@section@level=\count149
LaTeX Info: Redefining \ref on input line 353.
LaTeX Info: Redefining \pageref on input line 353.
)
(/usr/local/texlive/2016/texmf-dist/tex/latex/oberdiek/epstopdf.sty
Package: epstopdf 2016/05/15 v2.6 Conversion with epstopdf on the fly (HO)

(/usr/local/texlive/2016/texmf-dist/tex/latex/oberdiek/epstopdf-base.sty
Package: epstopdf-base 2016/05/15 v2.6 Base part for package epstopdf

(/usr/local/texlive/2016/texmf-dist/tex/latex/oberdiek/grfext.sty
Package: grfext 2016/05/16 v1.2 Manage graphics extensions (HO)

(/usr/local/texlive/2016/texmf-dist/tex/generic/oberdiek/kvdefinekeys.sty
Package: kvdefinekeys 2016/05/16 v1.4 Define keys (HO)
))
(/usr/local/texlive/2016/texmf-dist/tex/generic/oberdiek/pdftexcmds.sty
Package: pdftexcmds 2016/05/10 v0.21 Utility functions of pdfTeX for LuaTeX (HO
)

(/usr/local/texlive/2016/texmf-dist/tex/generic/oberdiek/ifpdf.sty
Package: ifpdf 2016/05/14 v3.1 Provides the ifpdf switch
)
Package pdftexcmds Info: LuaTeX not detected.
Package pdftexcmds Info: \pdf@primitive is available.
Package pdftexcmds Info: \pdf@ifprimitive is available.
Package pdftexcmds Info: \pdfdraftmode found.
)
Package grfext Info: Graphics extension search list:
(grfext)             [.png,.pdf,.jpg,.mps,.jpeg,.jbig2,.jb2,.PNG,.PDF,.JPG,.JPE
G,.JBIG2,.JB2,.eps]
(grfext)             \AppendGraphicsExtensions on input line 456.

(/usr/local/texlive/2016/texmf-dist/tex/latex/latexconfig/epstopdf-sys.cfg
File: epstopdf-sys.cfg 2010/07/13 v1.3 Configuration of (r)epstopdf for TeX Liv
e
)))
(/usr/local/texlive/2016/texmf-dist/tex/latex/hyperref/hyperref.sty
Package: hyperref 2016/05/05 v6.83n Hypertext links for LaTeX

(/usr/local/texlive/2016/texmf-dist/tex/generic/oberdiek/hobsub-hyperref.sty
Package: hobsub-hyperref 2016/05/16 v1.14 Bundle oberdiek, subset hyperref (HO)


(/usr/local/texlive/2016/texmf-dist/tex/generic/oberdiek/hobsub-generic.sty
Package: hobsub-generic 2016/05/16 v1.14 Bundle oberdiek, subset generic (HO)
Package: hobsub 2016/05/16 v1.14 Construct package bundles (HO)
Package hobsub Info: Skipping package `infwarerr' (already loaded).
Package hobsub Info: Skipping package `ltxcmds' (already loaded).
Package hobsub Info: Skipping package `ifluatex' (already loaded).
Package: ifvtex 2016/05/16 v1.6 Detect VTeX and its facilities (HO)
Package ifvtex Info: VTeX not detected.
Package: intcalc 2016/05/16 v1.2 Expandable calculations with integers (HO)
Package hobsub Info: Skipping package `ifpdf' (already loaded).
Package hobsub Info: Skipping package `etexcmds' (already loaded).
Package hobsub Info: Skipping package `kvsetkeys' (already loaded).
Package hobsub Info: Skipping package `kvdefinekeys' (already loaded).
Package hobsub Info: Skipping package `pdftexcmds' (already loaded).
Package: pdfescape 2016/05/16 v1.14 Implements pdfTeX's escape features (HO)
Package: bigintcalc 2016/05/16 v1.4 Expandable calculations on big integers (HO
)
Package: bitset 2016/05/16 v1.2 Handle bit-vector datatype (HO)
Package: uniquecounter 2016/05/16 v1.3 Provide unlimited unique counter (HO)
)
Package hobsub Info: Skipping package `hobsub' (already loaded).
Package: letltxmacro 2016/05/16 v1.5 Let assignment for LaTeX macros (HO)
Package: hopatch 2016/05/16 v1.3 Wrapper for package hooks (HO)
Package: xcolor-patch 2016/05/16 xcolor patch
Package: atveryend 2016/05/16 v1.9 Hooks at the very end of document (HO)
Package atveryend Info: \enddocument detected (standard20110627).
Package: atbegshi 2016/05/16 v1.17 At begin shipout hook (HO)
Package hobsub Info: Skipping package `refcount' (already loaded).
Package: hycolor 2016/05/16 v1.8 Color options for hyperref/bookmark (HO)
)
(/usr/local/texlive/2016/texmf-dist/tex/generic/ifxetex/ifxetex.sty
Package: ifxetex 2010/09/12 v0.6 Provides ifxetex conditional
)
(/usr/local/texlive/2016/texmf-dist/tex/latex/oberdiek/auxhook.sty
Package: auxhook 2016/05/16 v1.4 Hooks for auxiliary files (HO)
)
\@linkdim=\dimen189
\Hy@linkcounter=\count150
\Hy@pagecounter=\count151

(/usr/local/texlive/2016/texmf-dist/tex/latex/hyperref/pd1enc.def
File: pd1enc.def 2016/05/05 v6.83n Hyperref: PDFDocEncoding definition (HO)
)
\Hy@SavedSpaceFactor=\count152

(/usr/local/texlive/2016/texmf-dist/tex/latex/latexconfig/hyperref.cfg
File: hyperref.cfg 2002/06/06 v1.2 hyperref configuration of TeXLive
)
Package hyperref Info: Option `pdfpagelabels' set `true' on input line 4322.
Package hyperref Info: Option `colorlinks' set `true' on input line 4322.
Package hyperref Info: Hyper figures OFF on input line 4446.
Package hyperref Info: Link nesting OFF on input line 4451.
Package hyperref Info: Hyper index ON on input line 4454.
Package hyperref Info: Plain pages OFF on input line 4461.
Package hyperref Info: Backreferencing OFF on input line 4466.
Package hyperref Info: Implicit mode ON; LaTeX internals redefined.
Package hyperref Info: Bookmarks ON on input line 4691.
\c@Hy@tempcnt=\count153
LaTeX Info: Redefining \url on input line 5044.
\XeTeXLinkMargin=\dimen190
\Fld@menulength=\count154
\Field@Width=\dimen191
\Fld@charsize=\dimen192
Package hyperref Info: Hyper figures OFF on input line 6298.
Package hyperref Info: Link nesting OFF on input line 6303.
Package hyperref Info: Hyper index ON on input line 6306.
Package hyperref Info: backreferencing OFF on input line 6313.
Package hyperref Info: Link coloring ON on input line 6316.
Package hyperref Info: Link coloring with OCG OFF on input line 6323.
Package hyperref Info: PDF/A mode OFF on input line 6328.
LaTeX Info: Redefining \ref on input line 6368.
LaTeX Info: Redefining \pageref on input line 6372.
\Hy@abspage=\count155
\c@Item=\count156
\c@Hfootnote=\count157
)

Package hyperref Message: Driver (autodetected): hpdftex.

(/usr/local/texlive/2016/texmf-dist/tex/latex/hyperref/hpdftex.def
File: hpdftex.def 2016/05/05 v6.83n Hyperref driver for pdfTeX
\Fld@listcount=\count158
\c@bookmark@seq@number=\count159

(/usr/local/texlive/2016/texmf-dist/tex/latex/oberdiek/rerunfilecheck.sty
Package: rerunfilecheck 2016/05/16 v1.8 Rerun checks for auxiliary files (HO)
Package uniquecounter Info: New unique counter `rerunfilecheck' on input line 2
82.
)
\Hy@SectionHShift=\skip61
)
\outcomefile=\write6
\openout6 = `math104online.oc'.

\c@theorem=\count160
\c@algorithm=\count161
\c@axiom=\count162
\c@claim=\count163
\c@conclusion=\count164
\c@condition=\count165
\c@conjecture=\count166
\c@corollary=\count167
\c@criterion=\count168
\c@definition=\count169
\c@example=\count170
\c@fact=\count171
\c@lemma=\count172
\c@formula=\count173
\c@idea=\count174
\c@notation=\count175
\c@model=\count176
\c@observation=\count177
\c@proposition=\count178
\c@paradox=\count179
\c@procedure=\count180
\c@remark=\count181
\c@summary=\count182
\c@template=\count183
\c@warning=\count184
\c@Iteration@probCnt=\count185
\c@problem=\count186
\c@problem@Depth=\count187
\c@hintLevel=\count188
\c@titlenumber=\count189
\c@sectiontitlenumber=\count190
\idfile=\write7
\openout7 = `math104online.ids'.

\myfile=\write8
\openout8 = `math104online.jax'.

))
(./preamble.tex) (./math104online.aux)
\openout1 = `math104online.aux'.

LaTeX Font Info:    Checking defaults for OML/cmm/m/it on input line 7.
LaTeX Font Info:    ... okay on input line 7.
LaTeX Font Info:    Checking defaults for T1/cmr/m/n on input line 7.
LaTeX Font Info:    ... okay on input line 7.
LaTeX Font Info:    Checking defaults for OT1/cmr/m/n on input line 7.
LaTeX Font Info:    ... okay on input line 7.
LaTeX Font Info:    Checking defaults for OMS/cmsy/m/n on input line 7.
LaTeX Font Info:    ... okay on input line 7.
LaTeX Font Info:    Checking defaults for OMX/cmex/m/n on input line 7.
LaTeX Font Info:    ... okay on input line 7.
LaTeX Font Info:    Checking defaults for U/cmr/m/n on input line 7.
LaTeX Font Info:    ... okay on input line 7.
LaTeX Font Info:    Checking defaults for PD1/pdf/m/n on input line 7.
LaTeX Font Info:    ... okay on input line 7.

(/usr/local/texlive/2016/texmf-dist/tex/context/base/mkii/supp-pdf.mkii
[Loading MPS to PDF converter (version 2006.09.02).]
\scratchcounter=\count191
\scratchdimen=\dimen193
\scratchbox=\box45
\nofMPsegments=\count192
\nofMParguments=\count193
\everyMPshowfont=\toks53
\MPscratchCnt=\count194
\MPscratchDim=\dimen194
\MPnumerator=\count195
\makeMPintoPDFobject=\count196
\everyMPtoPDFconversion=\toks54
) ABD: EveryShipout initializing macros

Package pgfplots Warning: running in backwards compatibility mode (unsuitable t
ick labels; missing features). Consider writing \pgfplotsset{compat=1.13} into 
your preamble.
 on input line 7.

\c@lstlisting=\count197
\AtBeginShipoutBox=\box46
Package hyperref Info: Link coloring ON on input line 7.
LaTeX Info: Redefining \ref on input line 7.
LaTeX Info: Redefining \pageref on input line 7.
LaTeX Info: Redefining \nameref on input line 7.
(./math104online.out) (./math104online.out)
\@outlinefile=\write9
\openout9 = `math104online.out'.



LaTeX Warning: No \author given.

[1

{/usr/local/texlive/2016/texmf-var/fonts/map/pdftex/updmap/pdftex.map}]
(./math104online.toc
LaTeX Font Info:    Try loading font information for U+msa on input line 1.

(/usr/local/texlive/2016/texmf-dist/tex/latex/amsfonts/umsa.fd
File: umsa.fd 2013/01/14 v3.01 AMS symbols A
)
LaTeX Font Info:    Try loading font information for U+msb on input line 1.

(/usr/local/texlive/2016/texmf-dist/tex/latex/amsfonts/umsb.fd
File: umsb.fd 2013/01/14 v3.01 AMS symbols B
) [2

] [3])
\tf@toc=\write10
\openout10 = `math104online.toc'.


[4] (./ximerawelcome.tex

LaTeX Warning: No \author given.

LaTeX Font Info:    Try loading font information for OMS+cmr on input line 17.
(/usr/local/texlive/2016/texmf-dist/tex/latex/base/omscmr.fd
File: omscmr.fd 2014/09/29 v2.5h Standard LaTeX font definitions
)
LaTeX Font Info:    Font shape `OMS/cmr/m/n' in size <10> not available
(Font)              Font shape `OMS/cmsy/m/n' tried instead on input line 17.

Underfull \hbox (badness 10000) in paragraph at lines 17--17
[][][]\OT1/cmr/m/n/8 See How to Use Ximera at [][]$\OT1/cmtt/m/n/8 https : / / 
ximera . osu . edu / mooculus / calculus1 /
 []


Underfull \hbox (badness 10000) in paragraph at lines 27--27
[][][]\OT1/cmr/m/n/8 See Cal-cu-lus: Sin-gle Vari-able at [][]$\OT1/cmtt/m/n/8 
https : / / www . youtube . com / playlist ? list =
 []

[5


]
Underfull \hbox (badness 3536) in paragraph at lines 33--33
[][][]\OT1/cmr/m/n/8 See Cal-cu-lus: Early Tran-scen-den-tals at [][]$\OT1/cmtt
/m/n/8 https : / / www . whitman . edu / mathematics /
 []

) [6] (./volumes/volumeintro.tex) [7

] (./volumes/01genslicewarm.tex [8

])
[9] (./volumes/01genslicepractice.tex
\c@depthICount=\count198
LaTeX Font Info:    Font shape `OMS/cmr/m/sl' in size <10> not available
(Font)              Font shape `OMS/cmsy/m/n' tried instead on input line 15.
 [10

]
Overfull \hbox (15.87032pt too wide) in paragraph at lines 49--51
[]\OT1/cmr/m/sl/10 (2018 Midterm 1) Com-pute the vol-ume of the re-gion in 3-di
mensional
 []

[11]

LaTeX Font Warning: Font shape `OT1/cmtt/bx/sl' undefined
(Font)              using `OT1/cmtt/bx/n' instead on input line 82.

LaTeX Font Info:    Font shape `OT1/cmtt/bx/n' in size <9> not available
(Font)              Font shape `OT1/cmtt/m/n' tried instead on input line 82.
) (./volumes/02washerwarm.tex [12]
<volumes/diskwasher/disksin.png, id=466, 251.58994pt x 90.11166pt>
File: volumes/diskwasher/disksin.png Graphic file (type png)

<use volumes/diskwasher/disksin.png>
Package pdftex.def Info: volumes/diskwasher/disksin.png used on input line 25.
(pdftex.def)             Requested size: 289.07999pt x 103.54922pt.
LaTeX Font Info:    Font shape `OMS/cmr/m/it' in size <10> not available
(Font)              Font shape `OMS/cmsy/m/n' tried instead on input line 28.

<volumes/diskwasher/washer1.png, id=468, 251.58994pt x 131.44106pt>
File: volumes/diskwasher/washer1.png Graphic file (type png)

<use volumes/diskwasher/washer1.png>
Package pdftex.def Info: volumes/diskwasher/washer1.png used on input line 42.
(pdftex.def)             Requested size: 289.07999pt x 151.0417pt.
 [13 <./volumes/diskwasher/disksin.png>])
[14 <./volumes/diskwasher/washer1.png>] (./volumes/02washerpractice.tex
<volumes/diskwasher/disk01.png, id=491, 217.26169pt x 212.74481pt>
File: volumes/diskwasher/disk01.png Graphic file (type png)

<use volumes/diskwasher/disk01.png>
Package pdftex.def Info: volumes/diskwasher/disk01.png used on input line 17.
(pdftex.def)             Requested size: 289.07999pt x 283.08337pt.

<volumes/diskwasher/disk02.png, id=492, 217.26169pt x 212.74481pt>
File: volumes/diskwasher/disk02.png Graphic file (type png)

<use volumes/diskwasher/disk02.png>
Package pdftex.def Info: volumes/diskwasher/disk02.png used on input line 35.
(pdftex.def)             Requested size: 289.07999pt x 283.08337pt.
 [15

 <./volumes/diskwasher/disk01.png>]
<volumes/diskwasher/disk04.png, id=498, 217.26169pt x 212.74481pt>
File: volumes/diskwasher/disk04.png Graphic file (type png)

<use volumes/diskwasher/disk04.png>
Package pdftex.def Info: volumes/diskwasher/disk04.png used on input line 53.
(pdftex.def)             Requested size: 289.07999pt x 283.08337pt.
 [16 <./volumes/diskwasher/disk02.png>]
<volumes/diskwasher/disk03.png, id=504, 217.26169pt x 212.74481pt>
File: volumes/diskwasher/disk03.png Graphic file (type png)

<use volumes/diskwasher/disk03.png>
Package pdftex.def Info: volumes/diskwasher/disk03.png used on input line 71.
(pdftex.def)             Requested size: 289.07999pt x 283.08337pt.
 [17 <./volumes/diskwasher/disk04.png>]
[18 <./volumes/diskwasher/disk03.png>]
LaTeX Font Info:    Font shape `OT1/cmtt/bx/sl' in size <9> not available
(Font)              Font shape `OT1/cmtt/m/n' tried instead on input line 100.
 [19] [20]) (./volumes/03shellwarm.tex
<volumes/shell/shell01.png, id=548, 224.94037pt x 322.95656pt>
File: volumes/shell/shell01.png Graphic file (type png)

<use volumes/shell/shell01.png>
Package pdftex.def Info: volumes/shell/shell01.png used on input line 28.
(pdftex.def)             Requested size: 224.9398pt x 322.95576pt.
 [21] [22 <./volumes/shell/shell01.png>]
<volumes/shell/shell02.png, id=566, 251.58994pt x 136.86131pt>
File: volumes/shell/shell02.png Graphic file (type png)

<use volumes/shell/shell02.png>
Package pdftex.def Info: volumes/shell/shell02.png used on input line 50.
(pdftex.def)             Requested size: 251.58931pt x 136.86096pt.
) [23 <./volumes/shell/shell02.png>]
(./volumes/03shellpractice.tex
<volumes/shell/shell03.png, id=576, 218.16507pt x 222.00441pt>
File: volumes/shell/shell03.png Graphic file (type png)

<use volumes/shell/shell03.png>
Package pdftex.def Info: volumes/shell/shell03.png used on input line 17.
(pdftex.def)             Requested size: 218.16452pt x 222.00385pt.
 [24

 <./volumes/shell/shell03.png>]
Overfull \hbox (5.15244pt too wide) in paragraph at lines 31--32
[]\OT1/cmr/m/sl/10 The re-gion in the plane bounded above by the graph $\OML/cm
m/m/it/10 y \OT1/cmr/m/n/10 = []$\OT1/cmr/m/sl/10 ,
 []

<volumes/shell/shell04.png, id=582, 217.26169pt x 205.9695pt>
File: volumes/shell/shell04.png Graphic file (type png)

<use volumes/shell/shell04.png>
Package pdftex.def Info: volumes/shell/shell04.png used on input line 35.
(pdftex.def)             Requested size: 217.26114pt x 205.96898pt.
 [25 <./volumes/shell/shell04.png>] [26]
[27]) (./volumes/04choosewarm.tex [28] [29] [30]) [31]
(./volumes/04choosepractice.tex [32

] [33]) (./arclengths/05arclengthwarm.tex
[34]
Underfull \hbox (badness 3417) in paragraph at lines 18--18
[][][]\OT1/cmr/m/n/8 See Ximera OSU: Arc Length at [][]$\OT1/cmtt/m/n/8 https :
 / / ximera . osu . edu / mooculus / calculus2 /
 []


Underfull \hbox (badness 1038) in paragraph at lines 19--19
[][][]\OT1/cmr/m/n/8 See Com-mu-nity Cal-cu-lus: Arc Length at [][]$\OT1/cmtt/m
/n/8 https : / / www . whitman . edu / mathematics /
 []

[35]
Overfull \hbox (15.41446pt too wide) in paragraph at lines 38--40
\OT1/cmr/m/it/10 The gen-eral phe-nomenon is that what was for-merly the square
 of a difference---
 []

) [36] (./arclengths/05arclengthpractice.tex [37

] [38] [39] [40])
(./arclengths/06surfacewarm.tex
Underfull \hbox (badness 1796) in paragraph at lines 15--15
[][][]\OT1/cmr/m/n/8 See Ximera OSU: Sur-face Area at [][]$\OT1/cmtt/m/n/8 http
s : / / ximera . osu . edu / mooculus / calculus2 /
 []

[41]) [42] (./arclengths/06surfacepractice.tex [43

])
(./centroids/07centroidwarm.tex [44] [45]) [46]
(./centroids/07centroidpractice.tex [47

]
Overfull \hbox (1.56908pt too wide) in paragraph at lines 51--52
[]\OT1/cmr/m/sl/10 Compute the cen-troid of a thin wire along the graph $\OML/c
mm/m/it/10 y \OT1/cmr/m/n/10 = []$
 []

[48] [49] [50]) (./techniques/integrationintro.tex) [51]
(./techniques/08substitutionwarm.tex
Underfull \hbox (badness 3942) in paragraph at lines 21--21
[][][]\OT1/cmr/m/n/8 See Ximera OSU: Sub-sti-tu-tion at [][]$\OT1/cmtt/m/n/8 ht
tps : / / ximera . osu . edu / mooculus / calculus1 /
 []

[52

] [53] [54]) [55] (./techniques/08substitutionpractice.tex [56

] [57]
Overfull \hbox (41.06929pt too wide) detected at line 97
[][] [] []\OML/cmm/m/it/9 du \OT1/cmr/m/n/9 + [][] [] []\OML/cmm/m/it/9 du \OMS
/cmsy/m/n/9 ^^@ [][] [][] []\OML/cmm/m/it/9 du \OT1/cmr/m/n/9 = [][] + [][] \OM
S/cmsy/m/n/9 ^^@ [] \OT1/cmr/m/n/9 = 4 \OMS/cmsy/m/n/9 ^^@ [] \OT1/cmr/m/n/9 = 
\OMS/cmsy/m/n/9 ^^@[]\OML/cmm/m/it/9 :
 []

) (./techniques/09ibpwarm.tex
Underfull \hbox (badness 4467) in paragraph at lines 18--18
[][][]\OT1/cmr/m/n/8 See Open-Stax II 3.1: In-te-gra-tion by Parts at [][]$\OT1
/cmtt/m/n/8 https : / / openstax . org / books /
 []

[58] [59] [60]) [61] (./techniques/09ibppractice.tex [62

] [63] [64] [65]
[66]) (./techniques/10trigonometricwarm.tex
Underfull \hbox (badness 2591) in paragraph at lines 14--14
[][][]\OT1/cmr/m/n/8 See Open-Stax II 3.2: Trigono-met-ric In-te-grals at [][]$
\OT1/cmtt/m/n/8 https : / / openstax . org / books /
 []


Underfull \hbox (badness 2626) in paragraph at lines 15--15
[][][]\OT1/cmr/m/n/8 See Ximera OSU: Trigono-met-ric In-te-grals at [][]$\OT1/c
mtt/m/n/8 https : / / ximera . osu . edu / mooculus /
 []

[67] [68] [69]) [70] (./techniques/10trigonometricpractice.tex [71

] [72]
[73] [74] [75]) (./techniques/11trigsubwarm.tex [76]
<techniques/images/trigsub02.png, id=1130, 208.67963pt x 213.1965pt>
File: techniques/images/trigsub02.png Graphic file (type png)

<use techniques/images/trigsub02.png>
Package pdftex.def Info: techniques/images/trigsub02.png used on input line 37.

(pdftex.def)             Requested size: 289.07999pt x 295.36632pt.
 [77 <./techniques/images/trigsub02.png>]
<techniques/images/trigsub03.png, id=1137, 239.16853pt x 213.1965pt>
File: techniques/images/trigsub03.png Graphic file (type png)

<use techniques/images/trigsub03.png>
Package pdftex.def Info: techniques/images/trigsub03.png used on input line 60.

(pdftex.def)             Requested size: 289.07999pt x 257.69853pt.
 [78 <./techniques/images/trigsub03.png>]
<techniques/images/trigsub01.png, id=1144, 208.67963pt x 213.1965pt>
File: techniques/images/trigsub01.png Graphic file (type png)

<use techniques/images/trigsub01.png>
Package pdftex.def Info: techniques/images/trigsub01.png used on input line 82.

(pdftex.def)             Requested size: 289.07999pt x 295.36632pt.
 [79]) [80 <./techniques/images/trigsub01.png>] (./techniques/11trigsubpractice
.tex [81

] [82] [83] [84])
(./techniques/12partialfractionswarm.tex
Underfull \hbox (badness 10000) in paragraph at lines 19--19
[][][]\OT1/cmr/m/n/8 See Open-Stax II 3.4: Par-tial Frac-tions at [][]$\OT1/cmt
t/m/n/8 https : / / openstax . org / books /
 []


Underfull \hbox (badness 1983) in paragraph at lines 21--21
[][][]\OT1/cmr/m/n/8 See Com-mu-nity Cal-cu-lus 8.5: Ra-tio-nal Func-tions at [
][]$\OT1/cmtt/m/n/8 https : / / www . whitman . edu /
 []

[85]
Overfull \hbox (8.49794pt too wide) in paragraph at lines 50--53
\OT1/cmr/m/it/10 This is closely re-lated to what is called the ``Heav-i-side c
over-up method.''
 []

[86] [87]) [88] (./techniques/12partialfractionspractice.tex [89

] [90] [91]
[92]) (./techniques/13finalpractice.tex [93] [94] [95] [96] [97])
(./applications/applicationsintro.tex [98]) [99]
(./applications/14numericalwarm.tex
Underfull \hbox (badness 4013) in paragraph at lines 14--14
[][][]\OT1/cmr/m/n/8 See Open-Stax II 3.6: Nu-mer-i-cal In-te-gra-tion at [][]$
\OT1/cmtt/m/n/8 https : / / openstax . org / books /
 []

) [100

] (./applications/14numericalpractice.tex [101

])
(./applications/15ordergrowthwarm.tex) [102]
(./applications/15ordergrowthpractice.tex [103

] [104] [105]
LaTeX Font Info:    Font shape `OMS/cmr/m/sl' in size <9> not available
(Font)              Font shape `OMS/cmsy/m/n' tried instead on input line 105.
 [106] [107])
(./applications/16improperwarm.tex
Underfull \hbox (badness 10000) in paragraph at lines 17--17
[][][]\OT1/cmr/m/n/8 See Open-Stax II 3.7: Im-proper In-te-grals at [][]$\OT1/c
mtt/m/n/8 https : / / openstax . org / books /
 []

[108]
Underfull \hbox (badness 10000) in paragraph at lines 19--19
[][][]\OT1/cmr/m/n/8 See Com-mu-nity Cal-cu-lus: Im-proper In-te-grals at [][]$
\OT1/cmtt/m/n/8 https : / / www . whitman . edu /
 []

[109] [110]) [111] (./applications/16improperpractice.tex [112

] [113] [114]
[115]) (./applications/17probabilitywarm.tex
Overfull \hbox (8.52606pt too wide) in paragraph at lines 13--15
\OT1/cmr/m/n/10 YouTube link: [][]$\OT1/cmtt/m/n/10 https : / / www . youtube .
 com / watch ? v = tBkFkwueDNI$[][] \OT1/cmr/m/n/10 YouTube link:
 []


Underfull \hbox (badness 4713) in paragraph at lines 18--18
[][][]\OT1/cmr/m/n/8 See Ximera Sup-ple-men-tary Ma-te-rial: Prob-a-bil-ity at 
[][]$\OT1/cmtt/m/n/8 https : / / ximera . osu . edu /
 []

[116]
Underfull \hbox (badness 1810) in paragraph at lines 19--19
[][][]\OT1/cmr/m/n/8 See Com-mu-nity Cal-cu-lus: Prob-a-bil-ity at [][]$\OT1/cm
tt/m/n/8 https : / / www . whitman . edu / mathematics /
 []

) [117] (./applications/17probabilitypractice.tex [118

] [119]
Overfull \hbox (14.1789pt too wide) in paragraph at lines 93--95
[]\OT1/cmr/m/sl/10 A cer-tain ran-dom vari-able $\OML/cmm/m/it/10 X$ \OT1/cmr/m
/sl/10 takes val-ues in the in-ter-val $[]$.
 []

[120] [121] [122] [123]) (./series/seriesintro.tex) [124]
(./series/18sequencewarm.tex
Underfull \hbox (badness 10000) in paragraph at lines 15--15
[][][]\OT1/cmr/m/n/8 See Ximera OSU: Se-quences at [][]$\OT1/cmtt/m/n/8 https :
 / / ximera . osu . edu / mooculus / calculus2 /
 []

[125

]) [126] (./series/18sequencepractice.tex [127

] [128] [129] [130] [131]
[132] [133] [134]) (./series/19serieswarm.tex
Underfull \hbox (badness 10000) in paragraph at lines 14--14
[][][]\OT1/cmr/m/n/8 See Open-Stax II 5.2: In-fi-nite Se-ries at [][]$\OT1/cmtt
/m/n/8 https : / / openstax . org / books /
 []


Underfull \hbox (badness 4132) in paragraph at lines 14--14
[][][]\OT1/cmr/m/n/8 See Open-Stax II 5.3: The Di-ver-gence Test at [][]$\OT1/c
mtt/m/n/8 https : / / openstax . org / books /
 []


Underfull \hbox (badness 10000) in paragraph at lines 15--15
[][][]\OT1/cmr/m/n/8 See Ximera OSU: Se-ries at [][]$\OT1/cmtt/m/n/8 https : / 
/ ximera . osu . edu / mooculus / calculus2 /
 []


Underfull \hbox (badness 4699) in paragraph at lines 15--15
[][][]\OT1/cmr/m/n/8 See Ximera OSU: The Di-ver-gence Test at [][]$\OT1/cmtt/m/
n/8 https : / / ximera . osu . edu / mooculus /
 []


Underfull \hbox (badness 1552) in paragraph at lines 16--16
[][][]\OT1/cmr/m/n/8 See Com-mu-nity Cal-cu-lus 11.2: Se-ries at [][]$\OT1/cmtt
/m/n/8 https : / / www . whitman . edu / mathematics /
 []

[135] [136]
Overfull \hbox (45.98099pt too wide) detected at line 58
[] [] \OT1/cmr/m/n/10 = []  [] [] = []  [] 2[] = []  [] [] = []\OML/cmm/m/it/10
 :
 []

[137]) [138] (./series/19seriespractice.tex [139

] [140] [141])
(./series/20comparisonwarm.tex
Underfull \hbox (badness 10000) in paragraph at lines 14--14
[][][]\OT1/cmr/m/n/8 See Open-Stax II 5.4: Com-par-i-son Tests at [][]$\OT1/cmt
t/m/n/8 https : / / openstax . org / books /
 []


Underfull \hbox (badness 1960) in paragraph at lines 16--16
[][][]\OT1/cmr/m/n/8 See Com-mu-nity Cal-cu-lus 11.5: Com-par-i-son Tests at []
[]$\OT1/cmtt/m/n/8 https : / / www . whitman . edu /
 []

) [142] (./series/20comparisonpractice.tex [143

] [144] [145] [146] [147]
[148]) (./series/21ratiorootwarm.tex
Underfull \hbox (badness 2351) in paragraph at lines 17--17
[][][]\OT1/cmr/m/n/8 See Open-Stax II 5.6: Ra-tio and Root Tests at [][]$\OT1/c
mtt/m/n/8 https : / / openstax . org / books /
 []

[149]
Underfull \hbox (badness 2318) in paragraph at lines 18--18
[][][]\OT1/cmr/m/n/8 See Ximera OSU: Ra-tio and Root Tests at [][]$\OT1/cmtt/m/
n/8 https : / / ximera . osu . edu / mooculus /
 []

) [150] (./series/21ratiorootpractice.tex [151

] [152] [153] [154])
(./series/22integralwarm.tex
Underfull \hbox (badness 10000) in paragraph at lines 17--17
[][][]\OT1/cmr/m/n/8 See Open-Stax II 5.3: The In-te-gral Test at [][]$\OT1/cmt
t/m/n/8 https : / / openstax . org / books /
 []


Underfull \hbox (badness 1590) in paragraph at lines 19--19
[][][]\OT1/cmr/m/n/8 See Com-mu-nity Cal-cu-lus 11.3: The In-te-gral Test at []
[]$\OT1/cmtt/m/n/8 https : / / www . whitman . edu /
 []

) [155] (./series/22integralpractice.tex [156

] [157] [158])
(./series/23alternatewarm.tex
Underfull \hbox (badness 10000) in paragraph at lines 17--17
[][][]\OT1/cmr/m/n/8 See Open-Stax II 5.5: Al-ter-nat-ing Se-ries at [][]$\OT1/
cmtt/m/n/8 https : / / openstax . org / books /
 []


Underfull \hbox (badness 1365) in paragraph at lines 18--18
[][][]\OT1/cmr/m/n/8 See Ab-so-lute and Con-di-tional Con-ver-gence at [][]$\OT
1/cmtt/m/n/8 https : / / ximera . osu . edu / mooculus /
 []

[159]
Underfull \hbox (badness 1888) in paragraph at lines 19--19
[][][]\OT1/cmr/m/n/8 See Com-mu-nity Cal-cu-lus 11.4: Al-ter-nat-ing Se-ries at
 [][]$\OT1/cmtt/m/n/8 https : / / www . whitman . edu /
 []

) [160] (./series/23alternatepractice.tex [161

] [162] [163] [164] [165])
(./series/24finalpractice.tex [166] [167] [168] [169] [170])
(./powerseries/powerseriesintro.tex) [171] (./powerseries/25powerserieswarm.tex

Underfull \hbox (badness 2050) in paragraph at lines 15--15
[][][]\OT1/cmr/m/n/8 See Ximera OSU: Power Se-ries at [][]$\OT1/cmtt/m/n/8 http
s : / / ximera . osu . edu / mooculus / calculus2 /
 []


Underfull \hbox (badness 1281) in paragraph at lines 16--16
[][][]\OT1/cmr/m/n/8 See 11.9: Cal-cu-lus with Power Se-ries at [][]$\OT1/cmtt/
m/n/8 https : / / www . whitman . edu / mathematics /
 []

) [172

] (./powerseries/25powerseriespractice.tex [173

] [174] [175] [176]
[177] [178] [179]
Overfull \hbox (18.69032pt too wide) in paragraph at lines 220--222
[]\OT1/cmr/m/sl/10 Find the in-ter-val of con-ver-gence of the power se-ries $[
] []$. 
 []

[180]) (./powerseries/26taylorserieswarm.tex
Underfull \hbox (badness 1728) in paragraph at lines 19--19
[][][]\OT1/cmr/m/n/8 See Ximera OSU: Tay-lor Se-ries at [][]$\OT1/cmtt/m/n/8 ht
tps : / / ximera . osu . edu / mooculus / calculus2 /
 []


Underfull \hbox (badness 6173) in paragraph at lines 20--20
[][][]\OT1/cmr/m/n/8 See Com-mu-nity Cal-cu-lus 11.10: Tay-lor Se-ries at [][]$
\OT1/cmtt/m/n/8 https : / / www . whitman . edu /
 []

) [181] (./powerseries/26taylorseriespractice.tex
Overfull \hbox (9.42921pt too wide) detected at line 28
[] \OT1/cmr/m/n/10 + [](\OML/cmm/m/it/10 x \OMS/cmsy/m/n/10 ^^@ \OT1/cmr/m/n/10
 2) + [](\OML/cmm/m/it/10 x \OMS/cmsy/m/n/10 ^^@ \OT1/cmr/m/n/10 2)[] + [](\OML
/cmm/m/it/10 x \OMS/cmsy/m/n/10 ^^@ \OT1/cmr/m/n/10 2)[] + [] = [] 2 + [] [](\O
ML/cmm/m/it/10 x \OMS/cmsy/m/n/10 ^^@ \OT1/cmr/m/n/10 2)[]
 []

[182

] [183] [184] [185]) (./powerseries/27taylorseries2warm.tex [186]
Underfull \hbox (badness 2197) in paragraph at lines 18--18
[][][]\OT1/cmr/m/n/8 See Cal-cu-lus and Tay-lor Se-ries at [][]$\OT1/cmtt/m/n/8
 https : / / ximera . osu . edu / mooculus / calculus2 /
 []


Underfull \hbox (badness 1406) in paragraph at lines 19--19
[][][]\OT1/cmr/m/n/8 See Com-mu-nity Cal-cu-lus 11.11: Tay-lor's The-o-rem at [
][]$\OT1/cmtt/m/n/8 https : / / www . whitman . edu /
 []

) [187] (./powerseries/27taylorseries2practice.tex [188

] [189] [190] [191]
[192]) (./powerseries/28finalpractice.tex [193] [194] [195] [196] [197])
(./odes/odeintro.tex [198]) [199] (./odes/29odewarm.tex
Underfull \hbox (badness 4366) in paragraph at lines 14--14
[][][]\OT1/cmr/m/n/8 See Di-rec-tion Fields and Nu-mer-i-cal Meth-ods at [][]$\
OT1/cmtt/m/n/8 https : / / openstax . org / books /
 []


Underfull \hbox (badness 10000) in paragraph at lines 15--15
[][][]\OT1/cmr/m/n/8 See Ximera OSU: ODEs at [][]$\OT1/cmtt/m/n/8 https : / / x
imera . osu . edu / mooculus / calculus2 /
 []


Underfull \hbox (badness 10000) in paragraph at lines 15--15
[][][]\OT1/cmr/m/n/8 See Nu-mer-i-cal Meth-ods at [][]$\OT1/cmtt/m/n/8 https : 
/ / ximera . osu . edu / mooculus / calculus2 /
 []

) [200

] (./odes/29odepractice.tex
<odes/images/slope01.png, id=2402, 224.94037pt x 222.00441pt>
File: odes/images/slope01.png Graphic file (type png)

<use odes/images/slope01.png>
Package pdftex.def Info: odes/images/slope01.png used on input line 16.
(pdftex.def)             Requested size: 289.07999pt x 285.30962pt.

<odes/images/slope02.png, id=2403, 226.29544pt x 222.00441pt>
File: odes/images/slope02.png Graphic file (type png)

<use odes/images/slope02.png>
Package pdftex.def Info: odes/images/slope02.png used on input line 30.
(pdftex.def)             Requested size: 289.07999pt x 283.61247pt.
 [201

 <./odes/images/slope01.png>]
<odes/images/connect01.png, id=2414, 225.16621pt x 227.1988pt>
File: odes/images/connect01.png Graphic file (type png)

<use odes/images/connect01.png>
Package pdftex.def Info: odes/images/connect01.png used on input line 44.
(pdftex.def)             Requested size: 289.07999pt x 291.70096pt.
 [202 <./odes/images/slope02.png>]
<odes/images/connect02.png, id=2425, 229.45724pt x 222.00441pt>
File: odes/images/connect02.png Graphic file (type png)

<use odes/images/connect02.png>
Package pdftex.def Info: odes/images/connect02.png used on input line 59.
(pdftex.def)             Requested size: 289.07999pt x 279.71346pt.
 [203 <./odes/images/connect01.png>] [204 <./odes/images/connect02.png>]) (./od
es/30solvewarm.tex [205]
Underfull \hbox (badness 6173) in paragraph at lines 14--14
[][][]\OT1/cmr/m/n/8 See Open-Stax II 4.3: Sep-a-ra-ble Equa-tions at [][]$\OT1
/cmtt/m/n/8 https : / / openstax . org / books /
 []


Underfull \hbox (badness 4266) in paragraph at lines 14--14
[][][]\OT1/cmr/m/n/8 See Lin-ear Equa-tions at [][]$\OT1/cmtt/m/n/8 https : / /
 openstax . org / books / calculus-[]volume-[]2 / pages /
 []


Underfull \hbox (badness 7925) in paragraph at lines 15--15
[][][]\OT1/cmr/m/n/8 See Ximera OSU: Sep-a-ra-ble Equa-tions at [][]$\OT1/cmtt/
m/n/8 https : / / ximera . osu . edu / mooculus /
 []

[206]) [207] (./odes/30solvepractice.tex [208

] [209] [210] [211] [212])
(./odes/31applywarm.tex
Overfull \hbox (8.52606pt too wide) in paragraph at lines 13--15
\OT1/cmr/m/n/10 YouTube link: [][]$\OT1/cmtt/m/n/10 https : / / www . youtube .
 com / watch ? v = 54HrJmeON24$[][] \OT1/cmr/m/n/10 YouTube link:
 []

[213] <odes/images/slopeX01.png, id=2543, 224.94037pt x 222.00441pt>
File: odes/images/slopeX01.png Graphic file (type png)

<use odes/images/slopeX01.png>
Package pdftex.def Info: odes/images/slopeX01.png used on input line 44.
(pdftex.def)             Requested size: 289.07999pt x 285.30962pt.
 [214 <./odes/images/slopeX01.png>]
<odes/images/slopeX02.png, id=2550, 224.94037pt x 222.00441pt>
File: odes/images/slopeX02.png Graphic file (type png)

<use odes/images/slopeX02.png>
Package pdftex.def Info: odes/images/slopeX02.png used on input line 69.
(pdftex.def)             Requested size: 289.07999pt x 285.30962pt.
 [215 <./odes/images/slopeX02.png>] [216])
[217] (./odes/31applypractice.tex
<odes/images/ortho01.png, id=2568, 224.94037pt x 222.00441pt>
File: odes/images/ortho01.png Graphic file (type png)

<use odes/images/ortho01.png>
Package pdftex.def Info: odes/images/ortho01.png used on input line 22.
(pdftex.def)             Requested size: 289.07999pt x 285.30962pt.

<odes/images/ortho02.png, id=2569, 226.0696pt x 222.00441pt>
File: odes/images/ortho02.png Graphic file (type png)

<use odes/images/ortho02.png>
Package pdftex.def Info: odes/images/ortho02.png used on input line 35.
(pdftex.def)             Requested size: 289.07999pt x 283.88687pt.
 [218

 <./odes/images/ortho01.png>] [219 <./odes/images/ortho02.png>] [220]) [221]
Package atveryend Info: Empty hook `BeforeClearDocument' on input line 98.
Package atveryend Info: Empty hook `AfterLastShipout' on input line 98.
 (./math104online.aux)
Package atveryend Info: Executing hook `AtVeryEndDocument' on input line 98.
Package atveryend Info: Executing hook `AtEndAfterFileList' on input line 98.
Package rerunfilecheck Info: File `math104online.out' has not changed.
(rerunfilecheck)             Checksum: 0E8F85C66AFF97C94D70EF9CBE2D4E90;4952.


LaTeX Font Warning: Some font shapes were not available, defaults substituted.

Package atveryend Info: Empty hook `AtVeryVeryEnd' on input line 98.
 ) 
Here is how much of TeX's memory you used:
 30490 strings out of 493014
 689154 string characters out of 6133351
 846215 words of memory out of 5000000
 31986 multiletter control sequences out of 15000+600000
 19571 words of font info for 72 fonts, out of 8000000 for 9000
 1141 hyphenation exceptions out of 8191
 68i,15n,81p,938b,835s stack positions out of 5000i,500n,10000p,200000b,80000s
</usr/local/texlive/2016/texmf-dist/fonts/type1/public/amsfonts/cm/cmbx10.pfb
></usr/local/texlive/2016/texmf-dist/fonts/type1/public/amsfonts/cm/cmbx12.pfb>
</usr/local/texlive/2016/texmf-dist/fonts/type1/public/amsfonts/cm/cmbxsl10.pfb
></usr/local/texlive/2016/texmf-dist/fonts/type1/public/amsfonts/cm/cmbxti10.pf
b></usr/local/texlive/2016/texmf-dist/fonts/type1/public/amsfonts/cm/cmex10.pfb
></usr/local/texlive/2016/texmf-dist/fonts/type1/public/amsfonts/cmextra/cmex7.
pfb></usr/local/texlive/2016/texmf-dist/fonts/type1/public/amsfonts/cmextra/cme
x9.pfb></usr/local/texlive/2016/texmf-dist/fonts/type1/public/amsfonts/cm/cmmi1
0.pfb></usr/local/texlive/2016/texmf-dist/fonts/type1/public/amsfonts/cm/cmmi5.
pfb></usr/local/texlive/2016/texmf-dist/fonts/type1/public/amsfonts/cm/cmmi6.pf
b></usr/local/texlive/2016/texmf-dist/fonts/type1/public/amsfonts/cm/cmmi7.pfb>
</usr/local/texlive/2016/texmf-dist/fonts/type1/public/amsfonts/cm/cmmi9.pfb></
usr/local/texlive/2016/texmf-dist/fonts/type1/public/amsfonts/cm/cmr10.pfb></us
r/local/texlive/2016/texmf-dist/fonts/type1/public/amsfonts/cm/cmr5.pfb></usr/l
ocal/texlive/2016/texmf-dist/fonts/type1/public/amsfonts/cm/cmr6.pfb></usr/loca
l/texlive/2016/texmf-dist/fonts/type1/public/amsfonts/cm/cmr7.pfb></usr/local/t
exlive/2016/texmf-dist/fonts/type1/public/amsfonts/cm/cmr8.pfb></usr/local/texl
ive/2016/texmf-dist/fonts/type1/public/amsfonts/cm/cmr9.pfb></usr/local/texlive
/2016/texmf-dist/fonts/type1/public/amsfonts/cm/cmsl10.pfb></usr/local/texlive/
2016/texmf-dist/fonts/type1/public/amsfonts/cm/cmsl8.pfb></usr/local/texlive/20
16/texmf-dist/fonts/type1/public/amsfonts/cm/cmsl9.pfb></usr/local/texlive/2016
/texmf-dist/fonts/type1/public/amsfonts/cm/cmssbx10.pfb></usr/local/texlive/201
6/texmf-dist/fonts/type1/public/amsfonts/cm/cmsy10.pfb></usr/local/texlive/2016
/texmf-dist/fonts/type1/public/amsfonts/cm/cmsy5.pfb></usr/local/texlive/2016/t
exmf-dist/fonts/type1/public/amsfonts/cm/cmsy6.pfb></usr/local/texlive/2016/tex
mf-dist/fonts/type1/public/amsfonts/cm/cmsy7.pfb></usr/local/texlive/2016/texmf
-dist/fonts/type1/public/amsfonts/cm/cmsy9.pfb></usr/local/texlive/2016/texmf-d
ist/fonts/type1/public/amsfonts/cm/cmti10.pfb></usr/local/texlive/2016/texmf-di
st/fonts/type1/public/amsfonts/cm/cmti9.pfb></usr/local/texlive/2016/texmf-dist
/fonts/type1/public/amsfonts/cm/cmtt10.pfb></usr/local/texlive/2016/texmf-dist/
fonts/type1/public/amsfonts/cm/cmtt8.pfb></usr/local/texlive/2016/texmf-dist/fo
nts/type1/public/amsfonts/cm/cmtt9.pfb></usr/local/texlive/2016/texmf-dist/font
s/type1/public/amsfonts/symbols/msam10.pfb>
Output written on math104online.pdf (221 pages, 2456145 bytes).
PDF statistics:
 2961 PDF objects out of 2984 (max. 8388607)
 2636 compressed objects within 27 object streams
 1242 named destinations out of 1440 (max. 500000)
 646 words of extra memory for PDF output out of 10000 (max. 10000000)

